<?xml version="1.0" encoding="UTF-8"?>
<testng-results skipped="0" failed="0" ignored="0" total="1" passed="1">
  <reporter-output>
  </reporter-output>
  <suite name="Suite" duration-ms="25680" started-at="2020-05-02T08:15:24Z" finished-at="2020-05-02T08:15:49Z">
    <groups>
    </groups>
    <test name="Test" duration-ms="25680" started-at="2020-05-02T08:15:24Z" finished-at="2020-05-02T08:15:49Z">
      <class name="com.learnautomation.testcases.LoginTestCRM">
        <test-method status="PASS" signature="setupSuite()[pri:0, instance:com.learnautomation.testcases.LoginTestCRM@2890c451]" name="setupSuite" is-config="true" duration-ms="1366" started-at="2020-05-02T13:45:22Z" finished-at="2020-05-02T13:45:24Z">
          <reporter-output>
          </reporter-output>
        </test-method> <!-- setupSuite -->
        <test-method status="PASS" signature="setup()[pri:0, instance:com.learnautomation.testcases.LoginTestCRM@2890c451]" name="setup" is-config="true" duration-ms="15814" started-at="2020-05-02T13:45:24Z" finished-at="2020-05-02T13:45:40Z">
          <reporter-output>
          </reporter-output>
        </test-method> <!-- setup -->
        <test-method status="PASS" signature="loginApp()[pri:0, instance:com.learnautomation.testcases.LoginTestCRM@2890c451]" name="loginApp" duration-ms="6759" started-at="2020-05-02T13:45:40Z" finished-at="2020-05-02T13:45:46Z">
          <reporter-output>
          </reporter-output>
        </test-method> <!-- loginApp -->
        <test-method status="PASS" signature="tearDownMethod(org.testng.ITestResult)[pri:0, instance:com.learnautomation.testcases.LoginTestCRM@2890c451]" name="tearDownMethod" is-config="true" duration-ms="1969" started-at="2020-05-02T13:45:46Z" finished-at="2020-05-02T13:45:48Z">
          <params>
            <param index="0">
              <value>
                <![CDATA[[TestResult name=loginApp status=SUCCESS method=LoginTestCRM.loginApp()[pri:0, instance:com.learnautomation.testcases.LoginTestCRM@2890c451] output={null}]]]>
              </value>
            </param>
          </params>
          <reporter-output>
          </reporter-output>
        </test-method> <!-- tearDownMethod -->
        <test-method status="PASS" signature="tearDown()[pri:0, instance:com.learnautomation.testcases.LoginTestCRM@2890c451]" name="tearDown" is-config="true" duration-ms="1094" started-at="2020-05-02T13:45:48Z" finished-at="2020-05-02T13:45:49Z">
          <reporter-output>
          </reporter-output>
        </test-method> <!-- tearDown -->
      </class> <!-- com.learnautomation.testcases.LoginTestCRM -->
    </test> <!-- Test -->
  </suite> <!-- Suite -->
</testng-results>
